  main.cpp
C:\Users\MrPaung\source\repos\GrafkomG-SA2020-TR1\GrafkomG-SA2020-TR1\main.cpp(32,22): warning C4305: 'argument': truncation from 'double' to 'GLfloat'
C:\Users\MrPaung\source\repos\GrafkomG-SA2020-TR1\GrafkomG-SA2020-TR1\main.cpp(33,24): warning C4305: 'argument': truncation from 'double' to 'GLfloat'
C:\Users\MrPaung\source\repos\GrafkomG-SA2020-TR1\GrafkomG-SA2020-TR1\main.cpp(34,25): warning C4305: 'argument': truncation from 'double' to 'GLfloat'
C:\Users\MrPaung\source\repos\GrafkomG-SA2020-TR1\GrafkomG-SA2020-TR1\main.cpp(35,25): warning C4305: 'argument': truncation from 'double' to 'GLfloat'
C:\Users\MrPaung\source\repos\GrafkomG-SA2020-TR1\GrafkomG-SA2020-TR1\main.cpp(37,22): warning C4305: 'argument': truncation from 'double' to 'GLfloat'
C:\Users\MrPaung\source\repos\GrafkomG-SA2020-TR1\GrafkomG-SA2020-TR1\main.cpp(38,26): warning C4305: 'argument': truncation from 'double' to 'GLfloat'
C:\Users\MrPaung\source\repos\GrafkomG-SA2020-TR1\GrafkomG-SA2020-TR1\main.cpp(39,26): warning C4305: 'argument': truncation from 'double' to 'GLfloat'
C:\Users\MrPaung\source\repos\GrafkomG-SA2020-TR1\GrafkomG-SA2020-TR1\main.cpp(40,23): warning C4305: 'argument': truncation from 'double' to 'GLfloat'
C:\Users\MrPaung\source\repos\GrafkomG-SA2020-TR1\GrafkomG-SA2020-TR1\main.cpp(47,25): warning C4305: 'argument': truncation from 'double' to 'GLfloat'
C:\Users\MrPaung\source\repos\GrafkomG-SA2020-TR1\GrafkomG-SA2020-TR1\main.cpp(48,24): warning C4305: 'argument': truncation from 'double' to 'GLfloat'
C:\Users\MrPaung\source\repos\GrafkomG-SA2020-TR1\GrafkomG-SA2020-TR1\main.cpp(49,22): warning C4305: 'argument': truncation from 'double' to 'GLfloat'
C:\Users\MrPaung\source\repos\GrafkomG-SA2020-TR1\GrafkomG-SA2020-TR1\main.cpp(50,23): warning C4305: 'argument': truncation from 'double' to 'GLfloat'
C:\Users\MrPaung\source\repos\GrafkomG-SA2020-TR1\GrafkomG-SA2020-TR1\main.cpp(56,23): warning C4305: 'argument': truncation from 'double' to 'GLfloat'
C:\Users\MrPaung\source\repos\GrafkomG-SA2020-TR1\GrafkomG-SA2020-TR1\main.cpp(57,25): warning C4305: 'argument': truncation from 'double' to 'GLfloat'
C:\Users\MrPaung\source\repos\GrafkomG-SA2020-TR1\GrafkomG-SA2020-TR1\main.cpp(58,26): warning C4305: 'argument': truncation from 'double' to 'GLfloat'
C:\Users\MrPaung\source\repos\GrafkomG-SA2020-TR1\GrafkomG-SA2020-TR1\main.cpp(59,26): warning C4305: 'argument': truncation from 'double' to 'GLfloat'
C:\Users\MrPaung\source\repos\GrafkomG-SA2020-TR1\GrafkomG-SA2020-TR1\main.cpp(60,26): warning C4305: 'argument': truncation from 'double' to 'GLfloat'
C:\Users\MrPaung\source\repos\GrafkomG-SA2020-TR1\GrafkomG-SA2020-TR1\main.cpp(61,26): warning C4305: 'argument': truncation from 'double' to 'GLfloat'
C:\Users\MrPaung\source\repos\GrafkomG-SA2020-TR1\GrafkomG-SA2020-TR1\main.cpp(62,25): warning C4305: 'argument': truncation from 'double' to 'GLfloat'
C:\Users\MrPaung\source\repos\GrafkomG-SA2020-TR1\GrafkomG-SA2020-TR1\main.cpp(63,25): warning C4305: 'argument': truncation from 'double' to 'GLfloat'
C:\Users\MrPaung\source\repos\GrafkomG-SA2020-TR1\GrafkomG-SA2020-TR1\main.cpp(64,23): warning C4305: 'argument': truncation from 'double' to 'GLfloat'
C:\Users\MrPaung\source\repos\GrafkomG-SA2020-TR1\GrafkomG-SA2020-TR1\main.cpp(71,23): warning C4305: 'argument': truncation from 'double' to 'GLfloat'
C:\Users\MrPaung\source\repos\GrafkomG-SA2020-TR1\GrafkomG-SA2020-TR1\main.cpp(72,27): warning C4305: 'argument': truncation from 'double' to 'GLfloat'
C:\Users\MrPaung\source\repos\GrafkomG-SA2020-TR1\GrafkomG-SA2020-TR1\main.cpp(73,25): warning C4305: 'argument': truncation from 'double' to 'GLfloat'
C:\Users\MrPaung\source\repos\GrafkomG-SA2020-TR1\GrafkomG-SA2020-TR1\main.cpp(80,27): warning C4305: 'argument': truncation from 'double' to 'GLfloat'
C:\Users\MrPaung\source\repos\GrafkomG-SA2020-TR1\GrafkomG-SA2020-TR1\main.cpp(81,29): warning C4305: 'argument': truncation from 'double' to 'GLfloat'
C:\Users\MrPaung\source\repos\GrafkomG-SA2020-TR1\GrafkomG-SA2020-TR1\main.cpp(82,29): warning C4305: 'argument': truncation from 'double' to 'GLfloat'
C:\Users\MrPaung\source\repos\GrafkomG-SA2020-TR1\GrafkomG-SA2020-TR1\main.cpp(83,26): warning C4305: 'argument': truncation from 'double' to 'GLfloat'
C:\Users\MrPaung\source\repos\GrafkomG-SA2020-TR1\GrafkomG-SA2020-TR1\main.cpp(84,26): warning C4305: 'argument': truncation from 'double' to 'GLfloat'
C:\Users\MrPaung\source\repos\GrafkomG-SA2020-TR1\GrafkomG-SA2020-TR1\main.cpp(85,30): warning C4305: 'argument': truncation from 'double' to 'GLfloat'
C:\Users\MrPaung\source\repos\GrafkomG-SA2020-TR1\GrafkomG-SA2020-TR1\main.cpp(86,30): warning C4305: 'argument': truncation from 'double' to 'GLfloat'
C:\Users\MrPaung\source\repos\GrafkomG-SA2020-TR1\GrafkomG-SA2020-TR1\main.cpp(87,27): warning C4305: 'argument': truncation from 'double' to 'GLfloat'
C:\Users\MrPaung\source\repos\GrafkomG-SA2020-TR1\GrafkomG-SA2020-TR1\main.cpp(88,25): warning C4305: 'argument': truncation from 'double' to 'GLfloat'
C:\Users\MrPaung\source\repos\GrafkomG-SA2020-TR1\GrafkomG-SA2020-TR1\main.cpp(94,27): warning C4305: 'argument': truncation from 'double' to 'GLfloat'
C:\Users\MrPaung\source\repos\GrafkomG-SA2020-TR1\GrafkomG-SA2020-TR1\main.cpp(95,27): warning C4305: 'argument': truncation from 'double' to 'GLfloat'
C:\Users\MrPaung\source\repos\GrafkomG-SA2020-TR1\GrafkomG-SA2020-TR1\main.cpp(96,29): warning C4305: 'argument': truncation from 'double' to 'GLfloat'
C:\Users\MrPaung\source\repos\GrafkomG-SA2020-TR1\GrafkomG-SA2020-TR1\main.cpp(97,29): warning C4305: 'argument': truncation from 'double' to 'GLfloat'
C:\Users\MrPaung\source\repos\GrafkomG-SA2020-TR1\GrafkomG-SA2020-TR1\main.cpp(103,27): warning C4305: 'argument': truncation from 'double' to 'GLfloat'
C:\Users\MrPaung\source\repos\GrafkomG-SA2020-TR1\GrafkomG-SA2020-TR1\main.cpp(104,29): warning C4305: 'argument': truncation from 'double' to 'GLfloat'
C:\Users\MrPaung\source\repos\GrafkomG-SA2020-TR1\GrafkomG-SA2020-TR1\main.cpp(105,29): warning C4305: 'argument': truncation from 'double' to 'GLfloat'
C:\Users\MrPaung\source\repos\GrafkomG-SA2020-TR1\GrafkomG-SA2020-TR1\main.cpp(106,29): warning C4305: 'argument': truncation from 'double' to 'GLfloat'
C:\Users\MrPaung\source\repos\GrafkomG-SA2020-TR1\GrafkomG-SA2020-TR1\main.cpp(107,29): warning C4305: 'argument': truncation from 'double' to 'GLfloat'
C:\Users\MrPaung\source\repos\GrafkomG-SA2020-TR1\GrafkomG-SA2020-TR1\main.cpp(108,28): warning C4305: 'argument': truncation from 'double' to 'GLfloat'
C:\Users\MrPaung\source\repos\GrafkomG-SA2020-TR1\GrafkomG-SA2020-TR1\main.cpp(109,28): warning C4305: 'argument': truncation from 'double' to 'GLfloat'
C:\Users\MrPaung\source\repos\GrafkomG-SA2020-TR1\GrafkomG-SA2020-TR1\main.cpp(110,26): warning C4305: 'argument': truncation from 'double' to 'GLfloat'
C:\Users\MrPaung\source\repos\GrafkomG-SA2020-TR1\GrafkomG-SA2020-TR1\main.cpp(111,24): warning C4305: 'argument': truncation from 'double' to 'GLfloat'
C:\Users\MrPaung\source\repos\GrafkomG-SA2020-TR1\GrafkomG-SA2020-TR1\main.cpp(117,24): warning C4305: 'argument': truncation from 'double' to 'GLfloat'
C:\Users\MrPaung\source\repos\GrafkomG-SA2020-TR1\GrafkomG-SA2020-TR1\main.cpp(119,23): warning C4305: 'argument': truncation from 'double' to 'GLfloat'
C:\Users\MrPaung\source\repos\GrafkomG-SA2020-TR1\GrafkomG-SA2020-TR1\main.cpp(120,26): warning C4305: 'argument': truncation from 'double' to 'GLfloat'
C:\Users\MrPaung\source\repos\GrafkomG-SA2020-TR1\GrafkomG-SA2020-TR1\main.cpp(126,23): warning C4305: 'argument': truncation from 'double' to 'GLfloat'
C:\Users\MrPaung\source\repos\GrafkomG-SA2020-TR1\GrafkomG-SA2020-TR1\main.cpp(127,26): warning C4305: 'argument': truncation from 'double' to 'GLfloat'
C:\Users\MrPaung\source\repos\GrafkomG-SA2020-TR1\GrafkomG-SA2020-TR1\main.cpp(128,30): warning C4305: 'argument': truncation from 'double' to 'GLfloat'
C:\Users\MrPaung\source\repos\GrafkomG-SA2020-TR1\GrafkomG-SA2020-TR1\main.cpp(129,27): warning C4305: 'argument': truncation from 'double' to 'GLfloat'
C:\Users\MrPaung\source\repos\GrafkomG-SA2020-TR1\GrafkomG-SA2020-TR1\main.cpp(135,26): warning C4305: 'argument': truncation from 'double' to 'GLfloat'
C:\Users\MrPaung\source\repos\GrafkomG-SA2020-TR1\GrafkomG-SA2020-TR1\main.cpp(136,30): warning C4305: 'argument': truncation from 'double' to 'GLfloat'
C:\Users\MrPaung\source\repos\GrafkomG-SA2020-TR1\GrafkomG-SA2020-TR1\main.cpp(137,26): warning C4305: 'argument': truncation from 'double' to 'GLfloat'
C:\Users\MrPaung\source\repos\GrafkomG-SA2020-TR1\GrafkomG-SA2020-TR1\main.cpp(138,22): warning C4305: 'argument': truncation from 'double' to 'GLfloat'
C:\Users\MrPaung\source\repos\GrafkomG-SA2020-TR1\GrafkomG-SA2020-TR1\main.cpp(144,25): warning C4305: 'argument': truncation from 'double' to 'GLfloat'
C:\Users\MrPaung\source\repos\GrafkomG-SA2020-TR1\GrafkomG-SA2020-TR1\main.cpp(145,29): warning C4305: 'argument': truncation from 'double' to 'GLfloat'
C:\Users\MrPaung\source\repos\GrafkomG-SA2020-TR1\GrafkomG-SA2020-TR1\main.cpp(146,26): warning C4305: 'argument': truncation from 'double' to 'GLfloat'
C:\Users\MrPaung\source\repos\GrafkomG-SA2020-TR1\GrafkomG-SA2020-TR1\main.cpp(153,26): warning C4305: 'argument': truncation from 'double' to 'GLfloat'
C:\Users\MrPaung\source\repos\GrafkomG-SA2020-TR1\GrafkomG-SA2020-TR1\main.cpp(154,29): warning C4305: 'argument': truncation from 'double' to 'GLfloat'
C:\Users\MrPaung\source\repos\GrafkomG-SA2020-TR1\GrafkomG-SA2020-TR1\main.cpp(155,29): warning C4305: 'argument': truncation from 'double' to 'GLfloat'
C:\Users\MrPaung\source\repos\GrafkomG-SA2020-TR1\GrafkomG-SA2020-TR1\main.cpp(156,26): warning C4305: 'argument': truncation from 'double' to 'GLfloat'
C:\Users\MrPaung\source\repos\GrafkomG-SA2020-TR1\GrafkomG-SA2020-TR1\main.cpp(162,29): warning C4305: 'argument': truncation from 'double' to 'GLfloat'
C:\Users\MrPaung\source\repos\GrafkomG-SA2020-TR1\GrafkomG-SA2020-TR1\main.cpp(163,26): warning C4305: 'argument': truncation from 'double' to 'GLfloat'
C:\Users\MrPaung\source\repos\GrafkomG-SA2020-TR1\GrafkomG-SA2020-TR1\main.cpp(164,25): warning C4305: 'argument': truncation from 'double' to 'GLfloat'
C:\Users\MrPaung\source\repos\GrafkomG-SA2020-TR1\GrafkomG-SA2020-TR1\main.cpp(165,28): warning C4305: 'argument': truncation from 'double' to 'GLfloat'
C:\Users\MrPaung\source\repos\GrafkomG-SA2020-TR1\GrafkomG-SA2020-TR1\main.cpp(171,28): warning C4305: 'argument': truncation from 'double' to 'GLfloat'
C:\Users\MrPaung\source\repos\GrafkomG-SA2020-TR1\GrafkomG-SA2020-TR1\main.cpp(172,25): warning C4305: 'argument': truncation from 'double' to 'GLfloat'
C:\Users\MrPaung\source\repos\GrafkomG-SA2020-TR1\GrafkomG-SA2020-TR1\main.cpp(173,23): warning C4305: 'argument': truncation from 'double' to 'GLfloat'
C:\Users\MrPaung\source\repos\GrafkomG-SA2020-TR1\GrafkomG-SA2020-TR1\main.cpp(174,26): warning C4305: 'argument': truncation from 'double' to 'GLfloat'
C:\Users\MrPaung\source\repos\GrafkomG-SA2020-TR1\GrafkomG-SA2020-TR1\main.cpp(180,25): warning C4305: 'argument': truncation from 'double' to 'GLfloat'
C:\Users\MrPaung\source\repos\GrafkomG-SA2020-TR1\GrafkomG-SA2020-TR1\main.cpp(181,29): warning C4305: 'argument': truncation from 'double' to 'GLfloat'
C:\Users\MrPaung\source\repos\GrafkomG-SA2020-TR1\GrafkomG-SA2020-TR1\main.cpp(182,29): warning C4305: 'argument': truncation from 'double' to 'GLfloat'
C:\Users\MrPaung\source\repos\GrafkomG-SA2020-TR1\GrafkomG-SA2020-TR1\main.cpp(183,26): warning C4305: 'argument': truncation from 'double' to 'GLfloat'
C:\Users\MrPaung\source\repos\GrafkomG-SA2020-TR1\GrafkomG-SA2020-TR1\main.cpp(184,25): warning C4305: 'argument': truncation from 'double' to 'GLfloat'
C:\Users\MrPaung\source\repos\GrafkomG-SA2020-TR1\GrafkomG-SA2020-TR1\main.cpp(185,24): warning C4305: 'argument': truncation from 'double' to 'GLfloat'
C:\Users\MrPaung\source\repos\GrafkomG-SA2020-TR1\GrafkomG-SA2020-TR1\main.cpp(191,26): warning C4305: 'argument': truncation from 'double' to 'GLfloat'
C:\Users\MrPaung\source\repos\GrafkomG-SA2020-TR1\GrafkomG-SA2020-TR1\main.cpp(192,30): warning C4305: 'argument': truncation from 'double' to 'GLfloat'
C:\Users\MrPaung\source\repos\GrafkomG-SA2020-TR1\GrafkomG-SA2020-TR1\main.cpp(193,30): warning C4305: 'argument': truncation from 'double' to 'GLfloat'
C:\Users\MrPaung\source\repos\GrafkomG-SA2020-TR1\GrafkomG-SA2020-TR1\main.cpp(194,26): warning C4305: 'argument': truncation from 'double' to 'GLfloat'
C:\Users\MrPaung\source\repos\GrafkomG-SA2020-TR1\GrafkomG-SA2020-TR1\main.cpp(200,22): warning C4305: 'argument': truncation from 'double' to 'GLfloat'
C:\Users\MrPaung\source\repos\GrafkomG-SA2020-TR1\GrafkomG-SA2020-TR1\main.cpp(201,26): warning C4305: 'argument': truncation from 'double' to 'GLfloat'
C:\Users\MrPaung\source\repos\GrafkomG-SA2020-TR1\GrafkomG-SA2020-TR1\main.cpp(202,26): warning C4305: 'argument': truncation from 'double' to 'GLfloat'
C:\Users\MrPaung\source\repos\GrafkomG-SA2020-TR1\GrafkomG-SA2020-TR1\main.cpp(209,25): warning C4305: 'argument': truncation from 'double' to 'GLfloat'
C:\Users\MrPaung\source\repos\GrafkomG-SA2020-TR1\GrafkomG-SA2020-TR1\main.cpp(210,25): warning C4305: 'argument': truncation from 'double' to 'GLfloat'
C:\Users\MrPaung\source\repos\GrafkomG-SA2020-TR1\GrafkomG-SA2020-TR1\main.cpp(211,29): warning C4305: 'argument': truncation from 'double' to 'GLfloat'
C:\Users\MrPaung\source\repos\GrafkomG-SA2020-TR1\GrafkomG-SA2020-TR1\main.cpp(212,29): warning C4305: 'argument': truncation from 'double' to 'GLfloat'
C:\Users\MrPaung\source\repos\GrafkomG-SA2020-TR1\GrafkomG-SA2020-TR1\main.cpp(218,29): warning C4305: 'argument': truncation from 'double' to 'GLfloat'
C:\Users\MrPaung\source\repos\GrafkomG-SA2020-TR1\GrafkomG-SA2020-TR1\main.cpp(219,29): warning C4305: 'argument': truncation from 'double' to 'GLfloat'
C:\Users\MrPaung\source\repos\GrafkomG-SA2020-TR1\GrafkomG-SA2020-TR1\main.cpp(220,26): warning C4305: 'argument': truncation from 'double' to 'GLfloat'
C:\Users\MrPaung\source\repos\GrafkomG-SA2020-TR1\GrafkomG-SA2020-TR1\main.cpp(221,26): warning C4305: 'argument': truncation from 'double' to 'GLfloat'
C:\Users\MrPaung\source\repos\GrafkomG-SA2020-TR1\GrafkomG-SA2020-TR1\main.cpp(227,29): warning C4305: 'argument': truncation from 'double' to 'GLfloat'
C:\Users\MrPaung\source\repos\GrafkomG-SA2020-TR1\GrafkomG-SA2020-TR1\main.cpp(228,29): warning C4305: 'argument': truncation from 'double' to 'GLfloat'
C:\Users\MrPaung\source\repos\GrafkomG-SA2020-TR1\GrafkomG-SA2020-TR1\main.cpp(229,26): warning C4305: 'argument': truncation from 'double' to 'GLfloat'
C:\Users\MrPaung\source\repos\GrafkomG-SA2020-TR1\GrafkomG-SA2020-TR1\main.cpp(230,26): warning C4305: 'argument': truncation from 'double' to 'GLfloat'
C:\Users\MrPaung\source\repos\GrafkomG-SA2020-TR1\GrafkomG-SA2020-TR1\main.cpp(236,28): warning C4305: 'argument': truncation from 'double' to 'GLfloat'
C:\Users\MrPaung\source\repos\GrafkomG-SA2020-TR1\GrafkomG-SA2020-TR1\main.cpp(237,25): warning C4305: 'argument': truncation from 'double' to 'GLfloat'
C:\Users\MrPaung\source\repos\GrafkomG-SA2020-TR1\GrafkomG-SA2020-TR1\main.cpp(238,25): warning C4305: 'argument': truncation from 'double' to 'GLfloat'
C:\Users\MrPaung\source\repos\GrafkomG-SA2020-TR1\GrafkomG-SA2020-TR1\main.cpp(239,28): warning C4305: 'argument': truncation from 'double' to 'GLfloat'
C:\Users\MrPaung\source\repos\GrafkomG-SA2020-TR1\GrafkomG-SA2020-TR1\main.cpp(247,26): warning C4305: 'argument': truncation from 'double' to 'GLfloat'
C:\Users\MrPaung\source\repos\GrafkomG-SA2020-TR1\GrafkomG-SA2020-TR1\main.cpp(248,26): warning C4305: 'argument': truncation from 'double' to 'GLfloat'
C:\Users\MrPaung\source\repos\GrafkomG-SA2020-TR1\GrafkomG-SA2020-TR1\main.cpp(249,26): warning C4305: 'argument': truncation from 'double' to 'GLfloat'
C:\Users\MrPaung\source\repos\GrafkomG-SA2020-TR1\GrafkomG-SA2020-TR1\main.cpp(250,27): warning C4305: 'argument': truncation from 'double' to 'GLfloat'
C:\Users\MrPaung\source\repos\GrafkomG-SA2020-TR1\GrafkomG-SA2020-TR1\main.cpp(251,29): warning C4305: 'argument': truncation from 'double' to 'GLfloat'
C:\Users\MrPaung\source\repos\GrafkomG-SA2020-TR1\GrafkomG-SA2020-TR1\main.cpp(252,29): warning C4305: 'argument': truncation from 'double' to 'GLfloat'
C:\Users\MrPaung\source\repos\GrafkomG-SA2020-TR1\GrafkomG-SA2020-TR1\main.cpp(258,26): warning C4305: 'argument': truncation from 'double' to 'GLfloat'
C:\Users\MrPaung\source\repos\GrafkomG-SA2020-TR1\GrafkomG-SA2020-TR1\main.cpp(259,26): warning C4305: 'argument': truncation from 'double' to 'GLfloat'
C:\Users\MrPaung\source\repos\GrafkomG-SA2020-TR1\GrafkomG-SA2020-TR1\main.cpp(260,26): warning C4305: 'argument': truncation from 'double' to 'GLfloat'
C:\Users\MrPaung\source\repos\GrafkomG-SA2020-TR1\GrafkomG-SA2020-TR1\main.cpp(261,27): warning C4305: 'argument': truncation from 'double' to 'GLfloat'
C:\Users\MrPaung\source\repos\GrafkomG-SA2020-TR1\GrafkomG-SA2020-TR1\main.cpp(262,29): warning C4305: 'argument': truncation from 'double' to 'GLfloat'
C:\Users\MrPaung\source\repos\GrafkomG-SA2020-TR1\GrafkomG-SA2020-TR1\main.cpp(263,29): warning C4305: 'argument': truncation from 'double' to 'GLfloat'
C:\Users\MrPaung\source\repos\GrafkomG-SA2020-TR1\GrafkomG-SA2020-TR1\main.cpp(268,27): warning C4305: 'argument': truncation from 'double' to 'GLfloat'
C:\Users\MrPaung\source\repos\GrafkomG-SA2020-TR1\GrafkomG-SA2020-TR1\main.cpp(269,26): warning C4305: 'argument': truncation from 'double' to 'GLfloat'
C:\Users\MrPaung\source\repos\GrafkomG-SA2020-TR1\GrafkomG-SA2020-TR1\main.cpp(270,26): warning C4305: 'argument': truncation from 'double' to 'GLfloat'
C:\Users\MrPaung\source\repos\GrafkomG-SA2020-TR1\GrafkomG-SA2020-TR1\main.cpp(271,26): warning C4305: 'argument': truncation from 'double' to 'GLfloat'
C:\Users\MrPaung\source\repos\GrafkomG-SA2020-TR1\GrafkomG-SA2020-TR1\main.cpp(272,26): warning C4305: 'argument': truncation from 'double' to 'GLfloat'
C:\Users\MrPaung\source\repos\GrafkomG-SA2020-TR1\GrafkomG-SA2020-TR1\main.cpp(273,26): warning C4305: 'argument': truncation from 'double' to 'GLfloat'
C:\Users\MrPaung\source\repos\GrafkomG-SA2020-TR1\GrafkomG-SA2020-TR1\main.cpp(274,26): warning C4305: 'argument': truncation from 'double' to 'GLfloat'
C:\Users\MrPaung\source\repos\GrafkomG-SA2020-TR1\GrafkomG-SA2020-TR1\main.cpp(275,27): warning C4305: 'argument': truncation from 'double' to 'GLfloat'
C:\Users\MrPaung\source\repos\GrafkomG-SA2020-TR1\GrafkomG-SA2020-TR1\main.cpp(284,24): warning C4305: 'argument': truncation from 'double' to 'GLfloat'
C:\Users\MrPaung\source\repos\GrafkomG-SA2020-TR1\GrafkomG-SA2020-TR1\main.cpp(285,24): warning C4305: 'argument': truncation from 'double' to 'GLfloat'
C:\Users\MrPaung\source\repos\GrafkomG-SA2020-TR1\GrafkomG-SA2020-TR1\main.cpp(286,24): warning C4305: 'argument': truncation from 'double' to 'GLfloat'
C:\Users\MrPaung\source\repos\GrafkomG-SA2020-TR1\GrafkomG-SA2020-TR1\main.cpp(287,25): warning C4305: 'argument': truncation from 'double' to 'GLfloat'
C:\Users\MrPaung\source\repos\GrafkomG-SA2020-TR1\GrafkomG-SA2020-TR1\main.cpp(288,27): warning C4305: 'argument': truncation from 'double' to 'GLfloat'
C:\Users\MrPaung\source\repos\GrafkomG-SA2020-TR1\GrafkomG-SA2020-TR1\main.cpp(289,27): warning C4305: 'argument': truncation from 'double' to 'GLfloat'
C:\Users\MrPaung\source\repos\GrafkomG-SA2020-TR1\GrafkomG-SA2020-TR1\main.cpp(294,27): warning C4305: 'argument': truncation from 'double' to 'GLfloat'
C:\Users\MrPaung\source\repos\GrafkomG-SA2020-TR1\GrafkomG-SA2020-TR1\main.cpp(295,27): warning C4305: 'argument': truncation from 'double' to 'GLfloat'
C:\Users\MrPaung\source\repos\GrafkomG-SA2020-TR1\GrafkomG-SA2020-TR1\main.cpp(296,27): warning C4305: 'argument': truncation from 'double' to 'GLfloat'
C:\Users\MrPaung\source\repos\GrafkomG-SA2020-TR1\GrafkomG-SA2020-TR1\main.cpp(297,28): warning C4305: 'argument': truncation from 'double' to 'GLfloat'
C:\Users\MrPaung\source\repos\GrafkomG-SA2020-TR1\GrafkomG-SA2020-TR1\main.cpp(298,30): warning C4305: 'argument': truncation from 'double' to 'GLfloat'
C:\Users\MrPaung\source\repos\GrafkomG-SA2020-TR1\GrafkomG-SA2020-TR1\main.cpp(299,30): warning C4305: 'argument': truncation from 'double' to 'GLfloat'
C:\Users\MrPaung\source\repos\GrafkomG-SA2020-TR1\GrafkomG-SA2020-TR1\main.cpp(304,25): warning C4305: 'argument': truncation from 'double' to 'GLfloat'
C:\Users\MrPaung\source\repos\GrafkomG-SA2020-TR1\GrafkomG-SA2020-TR1\main.cpp(305,24): warning C4305: 'argument': truncation from 'double' to 'GLfloat'
C:\Users\MrPaung\source\repos\GrafkomG-SA2020-TR1\GrafkomG-SA2020-TR1\main.cpp(306,24): warning C4305: 'argument': truncation from 'double' to 'GLfloat'
C:\Users\MrPaung\source\repos\GrafkomG-SA2020-TR1\GrafkomG-SA2020-TR1\main.cpp(307,24): warning C4305: 'argument': truncation from 'double' to 'GLfloat'
C:\Users\MrPaung\source\repos\GrafkomG-SA2020-TR1\GrafkomG-SA2020-TR1\main.cpp(308,27): warning C4305: 'argument': truncation from 'double' to 'GLfloat'
C:\Users\MrPaung\source\repos\GrafkomG-SA2020-TR1\GrafkomG-SA2020-TR1\main.cpp(309,27): warning C4305: 'argument': truncation from 'double' to 'GLfloat'
C:\Users\MrPaung\source\repos\GrafkomG-SA2020-TR1\GrafkomG-SA2020-TR1\main.cpp(310,27): warning C4305: 'argument': truncation from 'double' to 'GLfloat'
C:\Users\MrPaung\source\repos\GrafkomG-SA2020-TR1\GrafkomG-SA2020-TR1\main.cpp(311,28): warning C4305: 'argument': truncation from 'double' to 'GLfloat'
C:\Users\MrPaung\source\repos\GrafkomG-SA2020-TR1\GrafkomG-SA2020-TR1\main.cpp(319,25): warning C4305: 'argument': truncation from 'double' to 'GLfloat'
C:\Users\MrPaung\source\repos\GrafkomG-SA2020-TR1\GrafkomG-SA2020-TR1\main.cpp(320,27): warning C4305: 'argument': truncation from 'double' to 'GLfloat'
C:\Users\MrPaung\source\repos\GrafkomG-SA2020-TR1\GrafkomG-SA2020-TR1\main.cpp(321,27): warning C4305: 'argument': truncation from 'double' to 'GLfloat'
C:\Users\MrPaung\source\repos\GrafkomG-SA2020-TR1\GrafkomG-SA2020-TR1\main.cpp(322,28): warning C4305: 'argument': truncation from 'double' to 'GLfloat'
C:\Users\MrPaung\source\repos\GrafkomG-SA2020-TR1\GrafkomG-SA2020-TR1\main.cpp(323,28): warning C4305: 'argument': truncation from 'double' to 'GLfloat'
C:\Users\MrPaung\source\repos\GrafkomG-SA2020-TR1\GrafkomG-SA2020-TR1\main.cpp(324,27): warning C4305: 'argument': truncation from 'double' to 'GLfloat'
C:\Users\MrPaung\source\repos\GrafkomG-SA2020-TR1\GrafkomG-SA2020-TR1\main.cpp(325,26): warning C4305: 'argument': truncation from 'double' to 'GLfloat'
C:\Users\MrPaung\source\repos\GrafkomG-SA2020-TR1\GrafkomG-SA2020-TR1\main.cpp(326,24): warning C4305: 'argument': truncation from 'double' to 'GLfloat'
C:\Users\MrPaung\source\repos\GrafkomG-SA2020-TR1\GrafkomG-SA2020-TR1\main.cpp(327,27): warning C4305: 'argument': truncation from 'double' to 'GLfloat'
C:\Users\MrPaung\source\repos\GrafkomG-SA2020-TR1\GrafkomG-SA2020-TR1\main.cpp(328,27): warning C4305: 'argument': truncation from 'double' to 'GLfloat'
C:\Users\MrPaung\source\repos\GrafkomG-SA2020-TR1\GrafkomG-SA2020-TR1\main.cpp(332,25): warning C4305: 'argument': truncation from 'double' to 'GLfloat'
C:\Users\MrPaung\source\repos\GrafkomG-SA2020-TR1\GrafkomG-SA2020-TR1\main.cpp(333,27): warning C4305: 'argument': truncation from 'double' to 'GLfloat'
C:\Users\MrPaung\source\repos\GrafkomG-SA2020-TR1\GrafkomG-SA2020-TR1\main.cpp(334,27): warning C4305: 'argument': truncation from 'double' to 'GLfloat'
C:\Users\MrPaung\source\repos\GrafkomG-SA2020-TR1\GrafkomG-SA2020-TR1\main.cpp(335,28): warning C4305: 'argument': truncation from 'double' to 'GLfloat'
C:\Users\MrPaung\source\repos\GrafkomG-SA2020-TR1\GrafkomG-SA2020-TR1\main.cpp(336,28): warning C4305: 'argument': truncation from 'double' to 'GLfloat'
C:\Users\MrPaung\source\repos\GrafkomG-SA2020-TR1\GrafkomG-SA2020-TR1\main.cpp(337,27): warning C4305: 'argument': truncation from 'double' to 'GLfloat'
C:\Users\MrPaung\source\repos\GrafkomG-SA2020-TR1\GrafkomG-SA2020-TR1\main.cpp(338,26): warning C4305: 'argument': truncation from 'double' to 'GLfloat'
C:\Users\MrPaung\source\repos\GrafkomG-SA2020-TR1\GrafkomG-SA2020-TR1\main.cpp(339,24): warning C4305: 'argument': truncation from 'double' to 'GLfloat'
C:\Users\MrPaung\source\repos\GrafkomG-SA2020-TR1\GrafkomG-SA2020-TR1\main.cpp(340,27): warning C4305: 'argument': truncation from 'double' to 'GLfloat'
C:\Users\MrPaung\source\repos\GrafkomG-SA2020-TR1\GrafkomG-SA2020-TR1\main.cpp(341,27): warning C4305: 'argument': truncation from 'double' to 'GLfloat'
C:\Users\MrPaung\source\repos\GrafkomG-SA2020-TR1\GrafkomG-SA2020-TR1\main.cpp(347,25): warning C4305: 'argument': truncation from 'double' to 'GLfloat'
C:\Users\MrPaung\source\repos\GrafkomG-SA2020-TR1\GrafkomG-SA2020-TR1\main.cpp(348,27): warning C4305: 'argument': truncation from 'double' to 'GLfloat'
C:\Users\MrPaung\source\repos\GrafkomG-SA2020-TR1\GrafkomG-SA2020-TR1\main.cpp(349,27): warning C4305: 'argument': truncation from 'double' to 'GLfloat'
C:\Users\MrPaung\source\repos\GrafkomG-SA2020-TR1\GrafkomG-SA2020-TR1\main.cpp(350,25): warning C4305: 'argument': truncation from 'double' to 'GLfloat'
C:\Users\MrPaung\source\repos\GrafkomG-SA2020-TR1\GrafkomG-SA2020-TR1\main.cpp(354,27): warning C4305: 'argument': truncation from 'double' to 'GLfloat'
C:\Users\MrPaung\source\repos\GrafkomG-SA2020-TR1\GrafkomG-SA2020-TR1\main.cpp(355,27): warning C4305: 'argument': truncation from 'double' to 'GLfloat'
C:\Users\MrPaung\source\repos\GrafkomG-SA2020-TR1\GrafkomG-SA2020-TR1\main.cpp(356,27): warning C4305: 'argument': truncation from 'double' to 'GLfloat'
C:\Users\MrPaung\source\repos\GrafkomG-SA2020-TR1\GrafkomG-SA2020-TR1\main.cpp(357,27): warning C4305: 'argument': truncation from 'double' to 'GLfloat'
C:\Users\MrPaung\source\repos\GrafkomG-SA2020-TR1\GrafkomG-SA2020-TR1\main.cpp(362,27): warning C4305: 'argument': truncation from 'double' to 'GLfloat'
C:\Users\MrPaung\source\repos\GrafkomG-SA2020-TR1\GrafkomG-SA2020-TR1\main.cpp(363,26): warning C4305: 'argument': truncation from 'double' to 'GLfloat'
C:\Users\MrPaung\source\repos\GrafkomG-SA2020-TR1\GrafkomG-SA2020-TR1\main.cpp(364,26): warning C4305: 'argument': truncation from 'double' to 'GLfloat'
C:\Users\MrPaung\source\repos\GrafkomG-SA2020-TR1\GrafkomG-SA2020-TR1\main.cpp(365,27): warning C4305: 'argument': truncation from 'double' to 'GLfloat'
C:\Users\MrPaung\source\repos\GrafkomG-SA2020-TR1\GrafkomG-SA2020-TR1\main.cpp(368,24): warning C4305: 'argument': truncation from 'double' to 'GLfloat'
C:\Users\MrPaung\source\repos\GrafkomG-SA2020-TR1\GrafkomG-SA2020-TR1\main.cpp(369,26): warning C4305: 'argument': truncation from 'double' to 'GLfloat'
C:\Users\MrPaung\source\repos\GrafkomG-SA2020-TR1\GrafkomG-SA2020-TR1\main.cpp(370,26): warning C4305: 'argument': truncation from 'double' to 'GLfloat'
C:\Users\MrPaung\source\repos\GrafkomG-SA2020-TR1\GrafkomG-SA2020-TR1\main.cpp(371,24): warning C4305: 'argument': truncation from 'double' to 'GLfloat'
C:\Users\MrPaung\source\repos\GrafkomG-SA2020-TR1\GrafkomG-SA2020-TR1\main.cpp(377,28): warning C4305: 'argument': truncation from 'double' to 'GLfloat'
C:\Users\MrPaung\source\repos\GrafkomG-SA2020-TR1\GrafkomG-SA2020-TR1\main.cpp(378,28): warning C4305: 'argument': truncation from 'double' to 'GLfloat'
C:\Users\MrPaung\source\repos\GrafkomG-SA2020-TR1\GrafkomG-SA2020-TR1\main.cpp(379,28): warning C4305: 'argument': truncation from 'double' to 'GLfloat'
C:\Users\MrPaung\source\repos\GrafkomG-SA2020-TR1\GrafkomG-SA2020-TR1\main.cpp(380,28): warning C4305: 'argument': truncation from 'double' to 'GLfloat'
C:\Users\MrPaung\source\repos\GrafkomG-SA2020-TR1\GrafkomG-SA2020-TR1\main.cpp(384,28): warning C4305: 'argument': truncation from 'double' to 'GLfloat'
C:\Users\MrPaung\source\repos\GrafkomG-SA2020-TR1\GrafkomG-SA2020-TR1\main.cpp(385,27): warning C4305: 'argument': truncation from 'double' to 'GLfloat'
C:\Users\MrPaung\source\repos\GrafkomG-SA2020-TR1\GrafkomG-SA2020-TR1\main.cpp(386,27): warning C4305: 'argument': truncation from 'double' to 'GLfloat'
C:\Users\MrPaung\source\repos\GrafkomG-SA2020-TR1\GrafkomG-SA2020-TR1\main.cpp(387,28): warning C4305: 'argument': truncation from 'double' to 'GLfloat'
C:\Users\MrPaung\source\repos\GrafkomG-SA2020-TR1\GrafkomG-SA2020-TR1\main.cpp(391,28): warning C4305: 'argument': truncation from 'double' to 'GLfloat'
C:\Users\MrPaung\source\repos\GrafkomG-SA2020-TR1\GrafkomG-SA2020-TR1\main.cpp(392,27): warning C4305: 'argument': truncation from 'double' to 'GLfloat'
C:\Users\MrPaung\source\repos\GrafkomG-SA2020-TR1\GrafkomG-SA2020-TR1\main.cpp(393,27): warning C4305: 'argument': truncation from 'double' to 'GLfloat'
C:\Users\MrPaung\source\repos\GrafkomG-SA2020-TR1\GrafkomG-SA2020-TR1\main.cpp(394,28): warning C4305: 'argument': truncation from 'double' to 'GLfloat'
C:\Users\MrPaung\source\repos\GrafkomG-SA2020-TR1\GrafkomG-SA2020-TR1\main.cpp(399,30): warning C4305: 'argument': truncation from 'double' to 'GLfloat'
C:\Users\MrPaung\source\repos\GrafkomG-SA2020-TR1\GrafkomG-SA2020-TR1\main.cpp(400,28): warning C4305: 'argument': truncation from 'double' to 'GLfloat'
C:\Users\MrPaung\source\repos\GrafkomG-SA2020-TR1\GrafkomG-SA2020-TR1\main.cpp(401,28): warning C4305: 'argument': truncation from 'double' to 'GLfloat'
C:\Users\MrPaung\source\repos\GrafkomG-SA2020-TR1\GrafkomG-SA2020-TR1\main.cpp(402,30): warning C4305: 'argument': truncation from 'double' to 'GLfloat'
  Generating code
  2 of 12 functions (16.7%) were compiled, the rest were copied from previous compilation.
    0 functions were new in current compilation
    2 functions had inline decision re-evaluated but remain unchanged
  Finished generating code
  GrafkomG-SA2020-TR1.vcxproj -> C:\Users\MrPaung\source\repos\GrafkomG-SA2020-TR1\x64\Release\GrafkomG-SA2020-TR1.exe
